<?xml version="1.0" encoding="UTF-8"?>
<!-- Generated by org.testng.reporters.JUnitReportReporter -->
<testsuite ignored="0" hostname="LABUSER-N3RUKFP" failures="0" tests="1" name="com.learnautomation.testcases.LoginCRM" time="4.439" errors="0" timestamp="18 Dec 2019 15:51:37 GMT" skipped="0">
  <testcase classname="com.learnautomation.testcases.LoginCRM" name="loginApp" time="4.439"/>
</testsuite> <!-- com.learnautomation.testcases.LoginCRM -->
